Removed Pin From Net: NetName=+5V_P Pin=U1-4
Removed Pin From Net: NetName=NetR12_1 Pin=U1-8
Removed Pin From Net: NetName=NetR12_2 Pin=U1-9
Removed Pin From Net: NetName=NetC7_1 Pin=U1-10
Removed Pin From Net: NetName=AGND Pin=U1-11
Removed Pin From Net: NetName=NetC13_1 Pin=U1-12
Removed Pin From Net: NetName=NetR15_2 Pin=U1-13
Removed Pin From Net: NetName=NetR15_1 Pin=U1-14
Removed Pin From Net: NetName=NetR15_1 Pin=U6-3
Change Component Footprint: Designator=U1 Old Footprint=ADI-R-14_M New Footprint=ADI-R-8_L
Change Component Comment : Designator=U1 Old Comment=OP484FSZ New Comment=OP284ESZ
Change Managed Component Library Link : Designator=U1 Old VaultGUID=B7D15EC3-160A-466F-A46C-7801FE6295A7 New VaultGUID=B7D15EC3-160A-466F-A46C-7801FE6295A7 Old ItemGUID=A38BB955-D1BF-43BE-A19D-E99203575A86 New ItemGUID=FDDB8082-5A0E-415A-A7CD-E8CB9BADF3B1 Old RevisionGUID=96464A16-0F19-44B3-8BBD-56E3B90F08A9 New RevisionGUID=FDD89069-252A-47A0-A95A-FE4802C2047B
Change component parameters: Designator = "U1" ("U1"); Footprint = "ADI-R-14_M"; UniqueID = "\VSDPZOMF" ("\VSDPZOMF")
Change component parameters (AddParameter): Name = "Amplifiers Per Package"; Value = "2"; VariantName = "[No Variations]"
Change component parameters (AddParameter): Name = "Code_JEDEC"; Value = "MS-012-AA"; VariantName = "[No Variations]"
Change component parameters (AddParameter): Name = "ComponentLink1Description"; Value = "Manufacturer URL"; VariantName = "[No Variations]"
Change component parameters (AddParameter): Name = "ComponentLink1URL"; Value = "http://www.analog.com/en/index.html"; VariantName = "[No Variations]"
Change component parameters (AddParameter): Name = "ComponentLink2Description"; Value = "Datasheet"; VariantName = "[No Variations]"
Change component parameters (AddParameter): Name = "ComponentLink2URL"; Value = "http://www.analog.com/static/imported-files/data_sheets/OP184_284_484.pdf"; VariantName = "[No Variations]"
Change component parameters (AddParameter): Name = "ComponentLink3Description"; Value = "Package Specification"; VariantName = "[No Variations]"
Change component parameters (AddParameter): Name = "ComponentLink3URL"; Value = "http://www.analog.com/static/imported-files/packages/PKG_PDF/SOIC_Narrow%20(R)/R_8.pdf"; VariantName = "[No Variations]"
Change component parameters (AddParameter): Name = "DatasheetVersion"; Value = "Rev. J"; VariantName = "[No Variations]"
Change component parameters (AddParameter): Name = "Generic Part Number"; Value = "OP284"; VariantName = "[No Variations]"
Change component parameters (AddParameter): Name = "Input Bias Current"; Value = "80nA"; VariantName = "[No Variations]"
Change component parameters (AddParameter): Name = "Input Offset Voltage"; Value = "175uV"; VariantName = "[No Variations]"
Change component parameters (AddParameter): Name = "Iq/Amp"; Value = "2mA"; VariantName = "[No Variations]"
Change component parameters (AddParameter): Name = "Manufacturer"; Value = "Analog Devices"; VariantName = "[No Variations]"
Change component parameters (AddParameter): Name = "Mounting Technology"; Value = "Surface Mount"; VariantName = "[No Variations]"
Change component parameters (AddParameter): Name = "PackageDescription"; Value = "8-Pin Standard Small Outline Package, Body 3.9 x 4.9 mm, Pitch 1.27 mm"; VariantName = "[No Variations]"
Change component parameters (AddParameter): Name = "PackageReference"; Value = "R-8"; VariantName = "[No Variations]"
Change component parameters (AddParameter): Name = "PackageVersion"; Value = "060506-A"; VariantName = "[No Variations]"
Change component parameters (AddParameter): Name = "PartNumber"; Value = "OP284ESZ"; VariantName = "[No Variations]"
Change component parameters (AddParameter): Name = "Slew Rate"; Value = "4V/us"; VariantName = "[No Variations]"
Change component parameters (AddParameter): Name = "Small Signal Bandwidth"; Value = "4.25MHz"; VariantName = "[No Variations]"
Change component parameters (AddParameter): Name = "V Span Max"; Value = "36V"; VariantName = "[No Variations]"
Change component parameters (AddParameter): Name = "V Span Min"; Value = "3V"; VariantName = "[No Variations]"
Added Component: Designator=U2(ADI-R-8_L)
Add component (AddParameter): Name = "Amplifiers Per Package"; Value = "2"; VariantName = "[No Variations]"
Add component (AddParameter): Name = "Code_JEDEC"; Value = "MS-012-AA"; VariantName = "[No Variations]"
Add component (AddParameter): Name = "ComponentLink1Description"; Value = "Manufacturer URL"; VariantName = "[No Variations]"
Add component (AddParameter): Name = "ComponentLink1URL"; Value = "http://www.analog.com/en/index.html"; VariantName = "[No Variations]"
Add component (AddParameter): Name = "ComponentLink2Description"; Value = "Datasheet"; VariantName = "[No Variations]"
Add component (AddParameter): Name = "ComponentLink2URL"; Value = "http://www.analog.com/static/imported-files/data_sheets/OP184_284_484.pdf"; VariantName = "[No Variations]"
Add component (AddParameter): Name = "ComponentLink3Description"; Value = "Package Specification"; VariantName = "[No Variations]"
Add component (AddParameter): Name = "ComponentLink3URL"; Value = "http://www.analog.com/static/imported-files/packages/PKG_PDF/SOIC_Narrow%20(R)/R_8.pdf"; VariantName = "[No Variations]"
Add component (AddParameter): Name = "DatasheetVersion"; Value = "Rev. J"; VariantName = "[No Variations]"
Add component (AddParameter): Name = "Generic Part Number"; Value = "OP284"; VariantName = "[No Variations]"
Add component (AddParameter): Name = "Input Bias Current"; Value = "80nA"; VariantName = "[No Variations]"
Add component (AddParameter): Name = "Input Offset Voltage"; Value = "175uV"; VariantName = "[No Variations]"
Add component (AddParameter): Name = "Iq/Amp"; Value = "2mA"; VariantName = "[No Variations]"
Add component (AddParameter): Name = "Manufacturer"; Value = "Analog Devices"; VariantName = "[No Variations]"
Add component (AddParameter): Name = "Mounting Technology"; Value = "Surface Mount"; VariantName = "[No Variations]"
Add component (AddParameter): Name = "PackageDescription"; Value = "8-Pin Standard Small Outline Package, Body 3.9 x 4.9 mm, Pitch 1.27 mm"; VariantName = "[No Variations]"
Add component (AddParameter): Name = "PackageReference"; Value = "R-8"; VariantName = "[No Variations]"
Add component (AddParameter): Name = "PackageVersion"; Value = "060506-A"; VariantName = "[No Variations]"
Add component (AddParameter): Name = "PartNumber"; Value = "OP284ESZ"; VariantName = "[No Variations]"
Add component (AddParameter): Name = "Slew Rate"; Value = "4V/us"; VariantName = "[No Variations]"
Add component (AddParameter): Name = "Small Signal Bandwidth"; Value = "4.25MHz"; VariantName = "[No Variations]"
Add component (AddParameter): Name = "V Span Max"; Value = "36V"; VariantName = "[No Variations]"
Add component (AddParameter): Name = "V Span Min"; Value = "3V"; VariantName = "[No Variations]"
Added Pin To Net: NetName=AGND Pin=U1-4
Added Pin To Net: NetName=+5V_P Pin=U1-8
Added Pin To Net: NetName=NetR12_1 Pin=U2-1
Added Pin To Net: NetName=NetR12_2 Pin=U2-2
Added Pin To Net: NetName=NetC7_1 Pin=U2-3
Added Pin To Net: NetName=AGND Pin=U2-4
Added Pin To Net: NetName=NetC13_1 Pin=U2-5
Added Pin To Net: NetName=NetR15_2 Pin=U2-6
Added Pin To Net: NetName=NetR15_1 Pin=U2-7
Added Pin To Net: NetName=+5V_P Pin=U2-8
Added Pin To Net: NetName=NetR12_1 Pin=U6-3
Added Member To Class: ClassName=Analog_Telem Member=Component U2 OP284ESZ
